devkitadv-r5-beta-3/arm-agb-elf/bin/c++.exe
devkitadv-r5-beta-3/arm-agb-elf/bin/g++.exe
devkitadv-r5-beta-3/arm-agb-elf/bin/gcc.exe
devkitadv-r5-beta-3/bin/arm-agb-elf-c++.exe
devkitadv-r5-beta-3/bin/arm-agb-elf-cpp.exe
devkitadv-r5-beta-3/bin/arm-agb-elf-g++.exe
devkitadv-r5-beta-3/bin/arm-agb-elf-gcc.exe
devkitadv-r5-beta-3/bin/arm-agb-elf-gccbug
devkitadv-r5-beta-3/bin/arm-agb-elf-gcov.exe
devkitadv-r5-beta-3/bin/c++.exe
devkitadv-r5-beta-3/bin/cpp.exe
devkitadv-r5-beta-3/bin/g++.exe
devkitadv-r5-beta-3/bin/gcc.exe
devkitadv-r5-beta-3/bin/gccbug.exe
devkitadv-r5-beta-3/bin/gcov.exe
devkitadv-r5-beta-3/bin/libiconv-2.dll
devkitadv-r5-beta-3/lib/charset.alias
devkitadv-r5-beta-3/lib/gcc-lib/arm-agb-elf/3.2.2/cc1.exe
devkitadv-r5-beta-3/lib/gcc-lib/arm-agb-elf/3.2.2/cc1plus.exe
devkitadv-r5-beta-3/lib/gcc-lib/arm-agb-elf/3.2.2/collect2.exe
devkitadv-r5-beta-3/lib/gcc-lib/arm-agb-elf/3.2.2/cpp0.exe
devkitadv-r5-beta-3/lib/gcc-lib/arm-agb-elf/3.2.2/crtbegin.o
devkitadv-r5-beta-3/lib/gcc-lib/arm-agb-elf/3.2.2/crtend.o
devkitadv-r5-beta-3/lib/gcc-lib/arm-agb-elf/3.2.2/crti.o
devkitadv-r5-beta-3/lib/gcc-lib/arm-agb-elf/3.2.2/crtn.o
devkitadv-r5-beta-3/lib/gcc-lib/arm-agb-elf/3.2.2/include/README
devkitadv-r5-beta-3/lib/gcc-lib/arm-agb-elf/3.2.2/include/fixed
devkitadv-r5-beta-3/lib/gcc-lib/arm-agb-elf/3.2.2/include/float.h
devkitadv-r5-beta-3/lib/gcc-lib/arm-agb-elf/3.2.2/include/iso646.h
devkitadv-r5-beta-3/lib/gcc-lib/arm-agb-elf/3.2.2/include/limits.h
devkitadv-r5-beta-3/lib/gcc-lib/arm-agb-elf/3.2.2/include/stdarg.h
devkitadv-r5-beta-3/lib/gcc-lib/arm-agb-elf/3.2.2/include/stdbool.h
devkitadv-r5-beta-3/lib/gcc-lib/arm-agb-elf/3.2.2/include/stddef.h
devkitadv-r5-beta-3/lib/gcc-lib/arm-agb-elf/3.2.2/include/varargs.h
devkitadv-r5-beta-3/lib/gcc-lib/arm-agb-elf/3.2.2/interwork/crtbegin.o
devkitadv-r5-beta-3/lib/gcc-lib/arm-agb-elf/3.2.2/interwork/crtend.o
devkitadv-r5-beta-3/lib/gcc-lib/arm-agb-elf/3.2.2/interwork/crti.o
devkitadv-r5-beta-3/lib/gcc-lib/arm-agb-elf/3.2.2/interwork/crtn.o
devkitadv-r5-beta-3/lib/gcc-lib/arm-agb-elf/3.2.2/interwork/libgcc.a
devkitadv-r5-beta-3/lib/gcc-lib/arm-agb-elf/3.2.2/libgcc.a
devkitadv-r5-beta-3/lib/gcc-lib/arm-agb-elf/3.2.2/specs
devkitadv-r5-beta-3/lib/gcc-lib/arm-agb-elf/3.2.2/thumb/crtbegin.o
devkitadv-r5-beta-3/lib/gcc-lib/arm-agb-elf/3.2.2/thumb/crtend.o
devkitadv-r5-beta-3/lib/gcc-lib/arm-agb-elf/3.2.2/thumb/crti.o
devkitadv-r5-beta-3/lib/gcc-lib/arm-agb-elf/3.2.2/thumb/crtn.o
devkitadv-r5-beta-3/lib/gcc-lib/arm-agb-elf/3.2.2/thumb/interwork/crtbegin.o
devkitadv-r5-beta-3/lib/gcc-lib/arm-agb-elf/3.2.2/thumb/interwork/crtend.o
devkitadv-r5-beta-3/lib/gcc-lib/arm-agb-elf/3.2.2/thumb/interwork/crti.o
devkitadv-r5-beta-3/lib/gcc-lib/arm-agb-elf/3.2.2/thumb/interwork/crtn.o
devkitadv-r5-beta-3/lib/gcc-lib/arm-agb-elf/3.2.2/thumb/interwork/libgcc.a
devkitadv-r5-beta-3/lib/gcc-lib/arm-agb-elf/3.2.2/thumb/libgcc.a
devkitadv-r5-beta-3/lib/gcc-lib/arm-agb-elf/3.2.2/tradcpp0.exe
devkitadv-r5-beta-3/share/locale/da/LC_MESSAGES/gcc.mo
devkitadv-r5-beta-3/share/locale/el/LC_MESSAGES/gcc.mo
devkitadv-r5-beta-3/share/locale/es/LC_MESSAGES/gcc.mo
devkitadv-r5-beta-3/share/locale/fr/LC_MESSAGES/gcc.mo
devkitadv-r5-beta-3/share/locale/ja/LC_MESSAGES/gcc.mo
devkitadv-r5-beta-3/share/locale/locale.alias
devkitadv-r5-beta-3/share/locale/nl/LC_MESSAGES/gcc.mo
devkitadv-r5-beta-3/share/locale/sv/LC_MESSAGES/gcc.mo
devkitadv-r5-beta-3/share/locale/tr/LC_MESSAGES/gcc.mo
devkitadv-r5-beta-3/gcc.lst
devkitadv-r5-beta-3/doc/COPYING-GCC.txt
